#
# There is insufficient memory for the Java Runtime Environment to continue.
# Native memory allocation (malloc) failed to allocate 712976 bytes. Error detail: Chunk::new
# Possible reasons:
#   The system is out of physical RAM or swap space
#   This process is running with CompressedOops enabled, and the Java Heap may be blocking the growth of the native heap
# Possible solutions:
#   Reduce memory load on the system
#   Increase physical memory or swap space
#   Check if swap backing store is full
#   Decrease Java heap size (-Xmx/-Xms)
#   Decrease number of Java threads
#   Decrease Java thread stack sizes (-Xss)
#   Set larger code cache with -XX:ReservedCodeCacheSize=
#   JVM is running with Unscaled Compressed Oops mode in which the Java heap is
#     placed in the first 4GB address space. The Java Heap base address is the
#     maximum limit for the native heap growth. Please use -XX:HeapBaseMinAddress
#     to set the Java Heap base and to place the Java Heap above 4GB virtual address.
# This output file may be truncated or incomplete.
#
#  Out of Memory Error (arena.cpp:168), pid=28472, tid=17100
#
# JRE version: OpenJDK Runtime Environment (21.0.3) (build 21.0.3+-12282718-b509.11)
# Java VM: OpenJDK 64-Bit Server VM (21.0.3+-12282718-b509.11, mixed mode, tiered, compressed oops, compressed class ptrs, g1 gc, windows-amd64)
# No core dump will be written. Minidumps are not enabled by default on client versions of Windows
#

---------------  S U M M A R Y ------------

Command Line: --add-opens=java.base/java.util=ALL-UNNAMED --add-opens=java.base/java.lang=ALL-UNNAMED --add-opens=java.base/java.lang.invoke=ALL-UNNAMED --add-opens=java.prefs/java.util.prefs=ALL-UNNAMED --add-exports=jdk.compiler/com.sun.tools.javac.api=ALL-UNNAMED --add-exports=jdk.compiler/com.sun.tools.javac.util=ALL-UNNAMED --add-opens=java.base/java.nio.charset=ALL-UNNAMED --add-opens=java.base/java.net=ALL-UNNAMED --add-opens=java.base/java.util.concurrent.atomic=ALL-UNNAMED -Xmx2048m -Dfile.encoding=UTF-8 -Duser.country=GB -Duser.language=en -Duser.variant -javaagent:C:\Users\manis\.gradle\wrapper\dists\gradle-8.9-bin\90cnw93cvbtalezasaz0blq0a\gradle-8.9\lib\agents\gradle-instrumentation-agent-8.9.jar org.gradle.launcher.daemon.bootstrap.GradleDaemon 8.9

Host: 12th Gen Intel(R) Core(TM) i5-12500H, 16 cores, 15G,  Windows 11 , 64 bit Build 26100 (10.0.26100.3037)
Time: Mon Mar  3 20:50:54 2025 Nepal Standard Time elapsed time: 17.591220 seconds (0d 0h 0m 17s)

---------------  T H R E A D  ---------------

Current thread (0x00000207af319310):  JavaThread "C2 CompilerThread0" daemon [_thread_in_native, id=17100, stack(0x0000006f57100000,0x0000006f57200000) (1024K)]


Current CompileTask:
C2:  17591 4416       4       java.util.regex.Pattern::split (325 bytes)

Stack: [0x0000006f57100000,0x0000006f57200000]
Native frames: (J=compiled Java code, j=interpreted, Vv=VM code, C=native code)
V  [jvm.dll+0x6cafb9]
V  [jvm.dll+0x858523]
V  [jvm.dll+0x85aa7e]
V  [jvm.dll+0x85b163]
V  [jvm.dll+0x27d356]
V  [jvm.dll+0xbf93d]
V  [jvm.dll+0xbfe73]
V  [jvm.dll+0x2f0eb1]
V  [jvm.dll+0x5f5a39]
V  [jvm.dll+0x24fad2]
V  [jvm.dll+0x24855a]
V  [jvm.dll+0x245fce]
V  [jvm.dll+0x1c5804]
V  [jvm.dll+0x25575c]
V  [jvm.dll+0x253c36]
V  [jvm.dll+0x3ec996]
V  [jvm.dll+0x800d78]
V  [jvm.dll+0x6c98cd]
C  [ucrtbase.dll+0x37b0]
C  [KERNEL32.DLL+0x2e8d7]
C  [ntdll.dll+0xbbf2c]


---------------  P R O C E S S  ---------------

Threads class SMR info:
_java_thread_list=0x00000207b6c78c80, length=35, elements={
0x0000020794cc7ac0, 0x00000207af32d200, 0x00000207af32ec70, 0x00000207af331960,
0x00000207af33a3f0, 0x00000207af315b10, 0x00000207af316570, 0x00000207af319310,
0x00000207af319db0, 0x00000207af08c500, 0x00000207b40c8490, 0x00000207b60881c0,
0x00000207b5e290c0, 0x00000207b51c6520, 0x00000207b61b5a30, 0x00000207b614c3f0,
0x00000207b614ce70, 0x00000207b611b1d0, 0x00000207b611b860, 0x00000207b611ab40,
0x00000207b611d930, 0x00000207b611c580, 0x00000207b611cc10, 0x00000207b611d2a0,
0x00000207b611bef0, 0x00000207b6d841f0, 0x00000207b6d84f10, 0x00000207b6d83b60,
0x00000207b6d834d0, 0x00000207b6d87d00, 0x00000207b6d855a0, 0x00000207b6d84880,
0x00000207b5d68c70, 0x00000207b5d67ed0, 0x00000207b5d66390
}

Java Threads: ( => current thread )
  0x0000020794cc7ac0 JavaThread "main"                              [_thread_blocked, id=17760, stack(0x0000006f56300000,0x0000006f56400000) (1024K)]
  0x00000207af32d200 JavaThread "Reference Handler"          daemon [_thread_blocked, id=27088, stack(0x0000006f56b00000,0x0000006f56c00000) (1024K)]
  0x00000207af32ec70 JavaThread "Finalizer"                  daemon [_thread_blocked, id=19112, stack(0x0000006f56c00000,0x0000006f56d00000) (1024K)]
  0x00000207af331960 JavaThread "Signal Dispatcher"          daemon [_thread_blocked, id=29108, stack(0x0000006f56d00000,0x0000006f56e00000) (1024K)]
  0x00000207af33a3f0 JavaThread "Attach Listener"            daemon [_thread_blocked, id=12768, stack(0x0000006f56e00000,0x0000006f56f00000) (1024K)]
  0x00000207af315b10 JavaThread "Service Thread"             daemon [_thread_blocked, id=18220, stack(0x0000006f56f00000,0x0000006f57000000) (1024K)]
  0x00000207af316570 JavaThread "Monitor Deflation Thread"   daemon [_thread_blocked, id=13732, stack(0x0000006f57000000,0x0000006f57100000) (1024K)]
=>0x00000207af319310 JavaThread "C2 CompilerThread0"         daemon [_thread_in_native, id=17100, stack(0x0000006f57100000,0x0000006f57200000) (1024K)]
  0x00000207af319db0 JavaThread "C1 CompilerThread0"         daemon [_thread_blocked, id=4752, stack(0x0000006f57200000,0x0000006f57300000) (1024K)]
  0x00000207af08c500 JavaThread "Common-Cleaner"             daemon [_thread_blocked, id=17128, stack(0x0000006f57400000,0x0000006f57500000) (1024K)]
  0x00000207b40c8490 JavaThread "Notification Thread"        daemon [_thread_blocked, id=25356, stack(0x0000006f57500000,0x0000006f57600000) (1024K)]
  0x00000207b60881c0 JavaThread "Daemon health stats"               [_thread_blocked, id=18964, stack(0x0000006f57700000,0x0000006f57800000) (1024K)]
  0x00000207b5e290c0 JavaThread "Incoming local TCP Connector on port 50949"        [_thread_in_native, id=25316, stack(0x0000006f57f00000,0x0000006f58000000) (1024K)]
  0x00000207b51c6520 JavaThread "Daemon periodic checks"            [_thread_blocked, id=9864, stack(0x0000006f58000000,0x0000006f58100000) (1024K)]
  0x00000207b61b5a30 JavaThread "Daemon"                            [_thread_blocked, id=13528, stack(0x0000006f58100000,0x0000006f58200000) (1024K)]
  0x00000207b614c3f0 JavaThread "Handler for socket connection from /127.0.0.1:50949 to /127.0.0.1:50950"        [_thread_in_native, id=24948, stack(0x0000006f58200000,0x0000006f58300000) (1024K)]
  0x00000207b614ce70 JavaThread "Cancel handler"                    [_thread_blocked, id=27888, stack(0x0000006f58300000,0x0000006f58400000) (1024K)]
  0x00000207b611b1d0 JavaThread "Daemon worker"                     [_thread_in_Java, id=24500, stack(0x0000006f58400000,0x0000006f58500000) (1024K)]
  0x00000207b611b860 JavaThread "Asynchronous log dispatcher for DefaultDaemonConnection: socket connection from /127.0.0.1:50949 to /127.0.0.1:50950"        [_thread_blocked, id=22676, stack(0x0000006f58500000,0x0000006f58600000) (1024K)]
  0x00000207b611ab40 JavaThread "Stdin handler"                     [_thread_blocked, id=21076, stack(0x0000006f58600000,0x0000006f58700000) (1024K)]
  0x00000207b611d930 JavaThread "Daemon client event forwarder"        [_thread_blocked, id=19676, stack(0x0000006f58700000,0x0000006f58800000) (1024K)]
  0x00000207b611c580 JavaThread "Cache worker for journal cache (C:\Users\manis\.gradle\caches\journal-1)"        [_thread_blocked, id=6060, stack(0x0000006f59100000,0x0000006f59200000) (1024K)]
  0x00000207b611cc10 JavaThread "File lock request listener"        [_thread_in_native, id=7560, stack(0x0000006f59200000,0x0000006f59300000) (1024K)]
  0x00000207b611d2a0 JavaThread "Cache worker for file hash cache (C:\Users\manis\.gradle\caches\8.9\fileHashes)"        [_thread_blocked, id=30604, stack(0x0000006f59300000,0x0000006f59400000) (1024K)]
  0x00000207b611bef0 JavaThread "Cache worker for file hash cache (C:\Users\manis\AndroidStudioProjects\HOPEHUB_APP\.gradle\8.9\fileHashes)"        [_thread_blocked, id=21244, stack(0x0000006f59500000,0x0000006f59600000) (1024K)]
  0x00000207b6d841f0 JavaThread "Cache worker for Build Output Cleanup Cache (C:\Users\manis\AndroidStudioProjects\HOPEHUB_APP\.gradle\buildOutputCleanup)"        [_thread_blocked, id=12000, stack(0x0000006f59600000,0x0000006f59700000) (1024K)]
  0x00000207b6d84f10 JavaThread "File watcher server"        daemon [_thread_in_native, id=24552, stack(0x0000006f59700000,0x0000006f59800000) (1024K)]
  0x00000207b6d83b60 JavaThread "File watcher consumer"      daemon [_thread_blocked, id=17144, stack(0x0000006f59800000,0x0000006f59900000) (1024K)]
  0x00000207b6d834d0 JavaThread "Cache worker for checksums cache (C:\Users\manis\AndroidStudioProjects\HOPEHUB_APP\.gradle\8.9\checksums)"        [_thread_blocked, id=9324, stack(0x0000006f59400000,0x0000006f59500000) (1024K)]
  0x00000207b6d87d00 JavaThread "Cache worker for file content cache (C:\Users\manis\.gradle\caches\8.9\fileContent)"        [_thread_blocked, id=19232, stack(0x0000006f59900000,0x0000006f59a00000) (1024K)]
  0x00000207b6d855a0 JavaThread "Cache worker for cache directory md-rule (C:\Users\manis\.gradle\caches\8.9\md-rule)"        [_thread_blocked, id=17016, stack(0x0000006f57600000,0x0000006f57700000) (1024K)]
  0x00000207b6d84880 JavaThread "Cache worker for cache directory md-supplier (C:\Users\manis\.gradle\caches\8.9\md-supplier)"        [_thread_blocked, id=27500, stack(0x0000006f59b00000,0x0000006f59c00000) (1024K)]
  0x00000207b5d68c70 JavaThread "C2 CompilerThread1"         daemon [_thread_in_native, id=16316, stack(0x0000006f57e00000,0x0000006f57f00000) (1024K)]
  0x00000207b5d67ed0 JavaThread "C2 CompilerThread2"         daemon [_thread_in_native, id=7936, stack(0x0000006f59c00000,0x0000006f59d00000) (1024K)]
  0x00000207b5d66390 JavaThread "C2 CompilerThread3"         daemon [_thread_in_native, id=16760, stack(0x0000006f57d00000,0x0000006f57e00000) (1024K)]
Total: 35

Other Threads:
  0x00000207af2b2f40 VMThread "VM Thread"                           [id=24924, stack(0x0000006f56a00000,0x0000006f56b00000) (1024K)]
  0x00000207af0893a0 WatcherThread "VM Periodic Task Thread"        [id=23948, stack(0x0000006f56900000,0x0000006f56a00000) (1024K)]
  0x0000020796815950 WorkerThread "GC Thread#0"                     [id=2832, stack(0x0000006f56400000,0x0000006f56500000) (1024K)]
  0x00000207b45f14d0 WorkerThread "GC Thread#1"                     [id=27480, stack(0x0000006f57800000,0x0000006f57900000) (1024K)]
  0x00000207b49aa2e0 WorkerThread "GC Thread#2"                     [id=19936, stack(0x0000006f57900000,0x0000006f57a00000) (1024K)]
  0x00000207b45208e0 WorkerThread "GC Thread#3"                     [id=10588, stack(0x0000006f57a00000,0x0000006f57b00000) (1024K)]
  0x00000207b452cf30 WorkerThread "GC Thread#4"                     [id=17336, stack(0x0000006f57b00000,0x0000006f57c00000) (1024K)]
  0x00000207b452d2d0 WorkerThread "GC Thread#5"                     [id=3120, stack(0x0000006f57c00000,0x0000006f57d00000) (1024K)]
  0x00000207b5ea86a0 WorkerThread "GC Thread#6"                     [id=29724, stack(0x0000006f58800000,0x0000006f58900000) (1024K)]
  0x00000207b5ea8a40 WorkerThread "GC Thread#7"                     [id=20272, stack(0x0000006f58900000,0x0000006f58a00000) (1024K)]
  0x00000207b5eb4220 WorkerThread "GC Thread#8"                     [id=30204, stack(0x0000006f58a00000,0x0000006f58b00000) (1024K)]
  0x00000207b5eb4d00 WorkerThread "GC Thread#9"                     [id=3508, stack(0x0000006f58b00000,0x0000006f58c00000) (1024K)]
  0x00000207b5eb4960 WorkerThread "GC Thread#10"                    [id=30008, stack(0x0000006f58c00000,0x0000006f58d00000) (1024K)]
  0x00000207b5eb50a0 WorkerThread "GC Thread#11"                    [id=15736, stack(0x0000006f58d00000,0x0000006f58e00000) (1024K)]
  0x00000207b5eb45c0 WorkerThread "GC Thread#12"                    [id=17904, stack(0x0000006f58e00000,0x0000006f58f00000) (1024K)]
  0x0000020794d8c7f0 ConcurrentGCThread "G1 Main Marker"            [id=5752, stack(0x0000006f56500000,0x0000006f56600000) (1024K)]
  0x0000020794d8d200 WorkerThread "G1 Conc#0"                       [id=5152, stack(0x0000006f56600000,0x0000006f56700000) (1024K)]
  0x00000207b5eb3740 WorkerThread "G1 Conc#1"                       [id=12924, stack(0x0000006f58f00000,0x0000006f59000000) (1024K)]
  0x00000207b5eb3ae0 WorkerThread "G1 Conc#2"                       [id=12640, stack(0x0000006f59000000,0x0000006f59100000) (1024K)]
  0x00000207aefdf5c0 ConcurrentGCThread "G1 Refine#0"               [id=19920, stack(0x0000006f56700000,0x0000006f56800000) (1024K)]
  0x00000207aefdfee0 ConcurrentGCThread "G1 Service"                [id=26596, stack(0x0000006f56800000,0x0000006f56900000) (1024K)]
Total: 21

Threads with active compile tasks:
C2 CompilerThread0    23693 4416       4       java.util.regex.Pattern::split (325 bytes)
C1 CompilerThread0    23693 4488       3       org.gradle.internal.service.DefaultServiceRegistry::isSatisfiedBy (61 bytes)
C2 CompilerThread1    23693 4413       4       jdk.internal.jimage.ImageLocation::getFullName (109 bytes)
C2 CompilerThread2    23693 4423       4       java.lang.String::split (148 bytes)
C2 CompilerThread3    23693 4445       4       java.util.Collection::stream (11 bytes)
Total: 5

VM state: not at safepoint (normal execution)

VM Mutex/Monitor currently owned by a thread: None

Heap address: 0x0000000080000000, size: 2048 MB, Compressed Oops mode: 32-bit

CDS archive(s) not mapped
Compressed class space mapped at: 0x0000000100000000-0x0000000140000000, reserved size: 1073741824
Narrow klass base: 0x0000000000000000, Narrow klass shift: 3, Narrow klass range: 0x140000000

GC Precious Log:
 CardTable entry size: 512
 Card Set container configuration: InlinePtr #cards 5 size 8 Array Of Cards #cards 12 size 40 Howl #buckets 4 coarsen threshold 1843 Howl Bitmap #cards 512 size 80 coarsen threshold 460 Card regions per heap region 1 cards per card region 2048
 CPUs: 16 total, 16 available
 Memory: 16004M
 Large Page Support: Disabled
 NUMA Support: Disabled
 Compressed Oops: Enabled (32-bit)
 Heap Region Size: 1M
 Heap Min Capacity: 8M
 Heap Initial Capacity: 252M
 Heap Max Capacity: 2G
 Pre-touch: Disabled
 Parallel Workers: 13
 Concurrent Workers: 3
 Concurrent Refinement Workers: 13
 Periodic GC: Disabled

Heap:
 garbage-first heap   total 95232K, used 53938K [0x0000000080000000, 0x0000000100000000)
  region size 1024K, 31 young (31744K), 7 survivors (7168K)
 Metaspace       used 45778K, committed 46976K, reserved 1114112K
  class space    used 6133K, committed 6720K, reserved 1048576K

Heap Regions: E=young(eden), S=young(survivor), O=old, HS=humongous(starts), HC=humongous(continues), CS=collection set, F=free, TAMS=top-at-mark-start, PB=parsable bottom
|   0|0x0000000080000000, 0x0000000080100000, 0x0000000080100000|100%|HS|  |TAMS 0x0000000080000000| PB 0x0000000080000000| Complete 
|   1|0x0000000080100000, 0x0000000080200000, 0x0000000080200000|100%|HC|  |TAMS 0x0000000080100000| PB 0x0000000080100000| Complete 
|   2|0x0000000080200000, 0x0000000080300000, 0x0000000080300000|100%|HC|  |TAMS 0x0000000080200000| PB 0x0000000080200000| Complete 
|   3|0x0000000080300000, 0x0000000080400000, 0x0000000080400000|100%|HC|  |TAMS 0x0000000080300000| PB 0x0000000080300000| Complete 
|   4|0x0000000080400000, 0x0000000080500000, 0x0000000080500000|100%| O|  |TAMS 0x0000000080400000| PB 0x0000000080400000| Untracked 
|   5|0x0000000080500000, 0x0000000080600000, 0x0000000080600000|100%| O|  |TAMS 0x0000000080500000| PB 0x0000000080500000| Untracked 
|   6|0x0000000080600000, 0x0000000080700000, 0x0000000080700000|100%| O|  |TAMS 0x0000000080600000| PB 0x0000000080600000| Untracked 
|   7|0x0000000080700000, 0x0000000080800000, 0x0000000080800000|100%| O|  |TAMS 0x0000000080700000| PB 0x0000000080700000| Untracked 
|   8|0x0000000080800000, 0x0000000080900000, 0x0000000080900000|100%| O|  |TAMS 0x0000000080800000| PB 0x0000000080800000| Untracked 
|   9|0x0000000080900000, 0x0000000080a00000, 0x0000000080a00000|100%| O|  |TAMS 0x0000000080900000| PB 0x0000000080900000| Untracked 
|  10|0x0000000080a00000, 0x0000000080b00000, 0x0000000080b00000|100%| O|  |TAMS 0x0000000080a00000| PB 0x0000000080a00000| Untracked 
|  11|0x0000000080b00000, 0x0000000080c00000, 0x0000000080c00000|100%|HS|  |TAMS 0x0000000080b00000| PB 0x0000000080b00000| Complete 
|  12|0x0000000080c00000, 0x0000000080d00000, 0x0000000080d00000|100%| O|  |TAMS 0x0000000080c00000| PB 0x0000000080c00000| Untracked 
|  13|0x0000000080d00000, 0x0000000080e00000, 0x0000000080e00000|100%| O|  |TAMS 0x0000000080d00000| PB 0x0000000080d00000| Untracked 
|  14|0x0000000080e00000, 0x0000000080f00000, 0x0000000080f00000|100%| O|  |TAMS 0x0000000080e00000| PB 0x0000000080e00000| Untracked 
|  15|0x0000000080f00000, 0x0000000081000000, 0x0000000081000000|100%| O|  |TAMS 0x0000000080f00000| PB 0x0000000080f00000| Untracked 
|  16|0x0000000081000000, 0x0000000081100000, 0x0000000081100000|100%| O|  |TAMS 0x0000000081000000| PB 0x0000000081000000| Untracked 
|  17|0x0000000081100000, 0x0000000081200000, 0x0000000081200000|100%| O|  |TAMS 0x0000000081100000| PB 0x0000000081100000| Untracked 
|  18|0x0000000081200000, 0x0000000081300000, 0x0000000081300000|100%| O|  |TAMS 0x0000000081200000| PB 0x0000000081200000| Untracked 
|  19|0x0000000081300000, 0x0000000081400000, 0x0000000081400000|100%| O|  |TAMS 0x0000000081300000| PB 0x0000000081300000| Untracked 
|  20|0x0000000081400000, 0x0000000081500000, 0x0000000081500000|100%| O|Cm|TAMS 0x0000000081400000| PB 0x0000000081400000| Complete 
|  21|0x0000000081500000, 0x0000000081600000, 0x0000000081600000|100%| O|  |TAMS 0x0000000081500000| PB 0x0000000081500000| Untracked 
|  22|0x0000000081600000, 0x0000000081700000, 0x0000000081700000|100%| O|  |TAMS 0x0000000081600000| PB 0x0000000081600000| Untracked 
|  23|0x0000000081700000, 0x0000000081789b08, 0x0000000081800000| 53%| O|  |TAMS 0x0000000081700000| PB 0x0000000081700000| Untracked 
|  24|0x0000000081800000, 0x0000000081800000, 0x0000000081900000|  0%| F|  |TAMS 0x0000000081800000| PB 0x0000000081800000| Untracked 
|  25|0x0000000081900000, 0x0000000081900000, 0x0000000081a00000|  0%| F|  |TAMS 0x0000000081900000| PB 0x0000000081900000| Untracked 
|  26|0x0000000081a00000, 0x0000000081a00000, 0x0000000081b00000|  0%| F|  |TAMS 0x0000000081a00000| PB 0x0000000081a00000| Untracked 
|  27|0x0000000081b00000, 0x0000000081b00000, 0x0000000081c00000|  0%| F|  |TAMS 0x0000000081b00000| PB 0x0000000081b00000| Untracked 
|  28|0x0000000081c00000, 0x0000000081c00000, 0x0000000081d00000|  0%| F|  |TAMS 0x0000000081c00000| PB 0x0000000081c00000| Untracked 
|  29|0x0000000081d00000, 0x0000000081d00000, 0x0000000081e00000|  0%| F|  |TAMS 0x0000000081d00000| PB 0x0000000081d00000| Untracked 
|  30|0x0000000081e00000, 0x0000000081e00000, 0x0000000081f00000|  0%| F|  |TAMS 0x0000000081e00000| PB 0x0000000081e00000| Untracked 
|  31|0x0000000081f00000, 0x0000000081f00000, 0x0000000082000000|  0%| F|  |TAMS 0x0000000081f00000| PB 0x0000000081f00000| Untracked 
|  32|0x0000000082000000, 0x0000000082022ff8, 0x0000000082100000| 13%| S|CS|TAMS 0x0000000082000000| PB 0x0000000082000000| Complete 
|  33|0x0000000082100000, 0x0000000082200000, 0x0000000082200000|100%| S|CS|TAMS 0x0000000082100000| PB 0x0000000082100000| Complete 
|  34|0x0000000082200000, 0x0000000082300000, 0x0000000082300000|100%| S|CS|TAMS 0x0000000082200000| PB 0x0000000082200000| Complete 
|  35|0x0000000082300000, 0x0000000082400000, 0x0000000082400000|100%| S|CS|TAMS 0x0000000082300000| PB 0x0000000082300000| Complete 
|  36|0x0000000082400000, 0x0000000082500000, 0x0000000082500000|100%| S|CS|TAMS 0x0000000082400000| PB 0x0000000082400000| Complete 
|  37|0x0000000082500000, 0x0000000082600000, 0x0000000082600000|100%| S|CS|TAMS 0x0000000082500000| PB 0x0000000082500000| Complete 
|  38|0x0000000082600000, 0x0000000082700000, 0x0000000082700000|100%| S|CS|TAMS 0x0000000082600000| PB 0x0000000082600000| Complete 
|  39|0x0000000082700000, 0x0000000082700000, 0x0000000082800000|  0%| F|  |TAMS 0x0000000082700000| PB 0x0000000082700000| Untracked 
|  40|0x0000000082800000, 0x0000000082800000, 0x0000000082900000|  0%| F|  |TAMS 0x0000000082800000| PB 0x0000000082800000| Untracked 
|  41|0x0000000082900000, 0x0000000082900000, 0x0000000082a00000|  0%| F|  |TAMS 0x0000000082900000| PB 0x0000000082900000| Untracked 
|  42|0x0000000082a00000, 0x0000000082a00000, 0x0000000082b00000|  0%| F|  |TAMS 0x0000000082a00000| PB 0x0000000082a00000| Untracked 
|  43|0x0000000082b00000, 0x0000000082b00000, 0x0000000082c00000|  0%| F|  |TAMS 0x0000000082b00000| PB 0x0000000082b00000| Untracked 
|  44|0x0000000082c00000, 0x0000000082c00000, 0x0000000082d00000|  0%| F|  |TAMS 0x0000000082c00000| PB 0x0000000082c00000| Untracked 
|  45|0x0000000082d00000, 0x0000000082d00000, 0x0000000082e00000|  0%| F|  |TAMS 0x0000000082d00000| PB 0x0000000082d00000| Untracked 
|  46|0x0000000082e00000, 0x0000000082e00000, 0x0000000082f00000|  0%| F|  |TAMS 0x0000000082e00000| PB 0x0000000082e00000| Untracked 
|  47|0x0000000082f00000, 0x0000000082f00000, 0x0000000083000000|  0%| F|  |TAMS 0x0000000082f00000| PB 0x0000000082f00000| Untracked 
|  48|0x0000000083000000, 0x0000000083000000, 0x0000000083100000|  0%| F|  |TAMS 0x0000000083000000| PB 0x0000000083000000| Untracked 
|  49|0x0000000083100000, 0x0000000083100000, 0x0000000083200000|  0%| F|  |TAMS 0x0000000083100000| PB 0x0000000083100000| Untracked 
|  50|0x0000000083200000, 0x0000000083200000, 0x0000000083300000|  0%| F|  |TAMS 0x0000000083200000| PB 0x0000000083200000| Untracked 
|  51|0x0000000083300000, 0x0000000083300000, 0x0000000083400000|  0%| F|  |TAMS 0x0000000083300000| PB 0x0000000083300000| Untracked 
|  52|0x0000000083400000, 0x0000000083400000, 0x0000000083500000|  0%| F|  |TAMS 0x0000000083400000| PB 0x0000000083400000| Untracked 
|  53|0x0000000083500000, 0x0000000083500000, 0x0000000083600000|  0%| F|  |TAMS 0x0000000083500000| PB 0x0000000083500000| Untracked 
|  54|0x0000000083600000, 0x0000000083600000, 0x0000000083700000|  0%| F|  |TAMS 0x0000000083600000| PB 0x0000000083600000| Untracked 
|  55|0x0000000083700000, 0x0000000083700000, 0x0000000083800000|  0%| F|  |TAMS 0x0000000083700000| PB 0x0000000083700000| Untracked 
|  56|0x0000000083800000, 0x0000000083800000, 0x0000000083900000|  0%| F|  |TAMS 0x0000000083800000| PB 0x0000000083800000| Untracked 
|  57|0x0000000083900000, 0x0000000083900000, 0x0000000083a00000|  0%| F|  |TAMS 0x0000000083900000| PB 0x0000000083900000| Untracked 
|  58|0x0000000083a00000, 0x0000000083a00000, 0x0000000083b00000|  0%| F|  |TAMS 0x0000000083a00000| PB 0x0000000083a00000| Untracked 
|  59|0x0000000083b00000, 0x0000000083b00000, 0x0000000083c00000|  0%| F|  |TAMS 0x0000000083b00000| PB 0x0000000083b00000| Untracked 
|  60|0x0000000083c00000, 0x0000000083c00000, 0x0000000083d00000|  0%| F|  |TAMS 0x0000000083c00000| PB 0x0000000083c00000| Untracked 
|  61|0x0000000083d00000, 0x0000000083d00000, 0x0000000083e00000|  0%| F|  |TAMS 0x0000000083d00000| PB 0x0000000083d00000| Untracked 
|  62|0x0000000083e00000, 0x0000000083e00000, 0x0000000083f00000|  0%| F|  |TAMS 0x0000000083e00000| PB 0x0000000083e00000| Untracked 
|  63|0x0000000083f00000, 0x0000000083f00000, 0x0000000084000000|  0%| F|  |TAMS 0x0000000083f00000| PB 0x0000000083f00000| Untracked 
|  64|0x0000000084000000, 0x0000000084000000, 0x0000000084100000|  0%| F|  |TAMS 0x0000000084000000| PB 0x0000000084000000| Untracked 
|  65|0x0000000084100000, 0x0000000084100000, 0x0000000084200000|  0%| F|  |TAMS 0x0000000084100000| PB 0x0000000084100000| Untracked 
|  66|0x0000000084200000, 0x0000000084200000, 0x0000000084300000|  0%| F|  |TAMS 0x0000000084200000| PB 0x0000000084200000| Untracked 
|  67|0x0000000084300000, 0x0000000084300000, 0x0000000084400000|  0%| F|  |TAMS 0x0000000084300000| PB 0x0000000084300000| Untracked 
|  68|0x0000000084400000, 0x0000000084400000, 0x0000000084500000|  0%| F|  |TAMS 0x0000000084400000| PB 0x0000000084400000| Untracked 
|  69|0x0000000084500000, 0x00000000845c5500, 0x0000000084600000| 77%| E|  |TAMS 0x0000000084500000| PB 0x0000000084500000| Complete 
|  70|0x0000000084600000, 0x0000000084700000, 0x0000000084700000|100%| E|CS|TAMS 0x0000000084600000| PB 0x0000000084600000| Complete 
|  71|0x0000000084700000, 0x0000000084800000, 0x0000000084800000|100%| E|CS|TAMS 0x0000000084700000| PB 0x0000000084700000| Complete 
|  72|0x0000000084800000, 0x0000000084900000, 0x0000000084900000|100%| E|CS|TAMS 0x0000000084800000| PB 0x0000000084800000| Complete 
|  73|0x0000000084900000, 0x0000000084a00000, 0x0000000084a00000|100%| E|CS|TAMS 0x0000000084900000| PB 0x0000000084900000| Complete 
|  74|0x0000000084a00000, 0x0000000084b00000, 0x0000000084b00000|100%| E|CS|TAMS 0x0000000084a00000| PB 0x0000000084a00000| Complete 
|  75|0x0000000084b00000, 0x0000000084c00000, 0x0000000084c00000|100%| E|CS|TAMS 0x0000000084b00000| PB 0x0000000084b00000| Complete 
|  76|0x0000000084c00000, 0x0000000084d00000, 0x0000000084d00000|100%| E|CS|TAMS 0x0000000084c00000| PB 0x0000000084c00000| Complete 
|  77|0x0000000084d00000, 0x0000000084e00000, 0x0000000084e00000|100%| E|CS|TAMS 0x0000000084d00000| PB 0x0000000084d00000| Complete 
|  78|0x0000000084e00000, 0x0000000084f00000, 0x0000000084f00000|100%| E|CS|TAMS 0x0000000084e00000| PB 0x0000000084e00000| Complete 
|  79|0x0000000084f00000, 0x0000000085000000, 0x0000000085000000|100%| E|CS|TAMS 0x0000000084f00000| PB 0x0000000084f00000| Complete 
|  80|0x0000000085000000, 0x0000000085100000, 0x0000000085100000|100%| E|CS|TAMS 0x0000000085000000| PB 0x0000000085000000| Complete 
| 174|0x000000008ae00000, 0x000000008af00000, 0x000000008af00000|100%| E|CS|TAMS 0x000000008ae00000| PB 0x000000008ae00000| Complete 
| 175|0x000000008af00000, 0x000000008b000000, 0x000000008b000000|100%| E|CS|TAMS 0x000000008af00000| PB 0x000000008af00000| Complete 
| 176|0x000000008b000000, 0x000000008b100000, 0x000000008b100000|100%| E|CS|TAMS 0x000000008b000000| PB 0x000000008b000000| Complete 
| 177|0x000000008b100000, 0x000000008b200000, 0x000000008b200000|100%| E|CS|TAMS 0x000000008b100000| PB 0x000000008b100000| Complete 
| 178|0x000000008b200000, 0x000000008b300000, 0x000000008b300000|100%| E|CS|TAMS 0x000000008b200000| PB 0x000000008b200000| Complete 
| 179|0x000000008b300000, 0x000000008b400000, 0x000000008b400000|100%| E|CS|TAMS 0x000000008b300000| PB 0x000000008b300000| Complete 
| 180|0x000000008b400000, 0x000000008b500000, 0x000000008b500000|100%| E|CS|TAMS 0x000000008b400000| PB 0x000000008b400000| Complete 
| 181|0x000000008b500000, 0x000000008b600000, 0x000000008b600000|100%| E|CS|TAMS 0x000000008b500000| PB 0x000000008b500000| Complete 
| 182|0x000000008b600000, 0x000000008b700000, 0x000000008b700000|100%| E|CS|TAMS 0x000000008b600000| PB 0x000000008b600000| Complete 
| 183|0x000000008b700000, 0x000000008b800000, 0x000000008b800000|100%| E|CS|TAMS 0x000000008b700000| PB 0x000000008b700000| Complete 
| 250|0x000000008fa00000, 0x000000008fb00000, 0x000000008fb00000|100%| E|CS|TAMS 0x000000008fa00000| PB 0x000000008fa00000| Complete 
| 251|0x000000008fb00000, 0x000000008fc00000, 0x000000008fc00000|100%| E|CS|TAMS 0x000000008fb00000| PB 0x000000008fb00000| Complete 

Card table byte_map: [0x00000207a9d40000,0x00000207aa140000] _byte_map_base: 0x00000207a9940000

Marking Bits: (CMBitMap*) 0x0000020796815f60
 Bits: [0x00000207aa140000, 0x00000207ac140000)

Polling page: 0x0000020794f50000

Metaspace:

Usage:
  Non-class:     38.74 MB used.
      Class:      6.00 MB used.
       Both:     44.73 MB used.

Virtual space:
  Non-class space:       64.00 MB reserved,      39.31 MB ( 61%) committed,  1 nodes.
      Class space:        1.00 GB reserved,       6.56 MB ( <1%) committed,  1 nodes.
             Both:        1.06 GB reserved,      45.88 MB (  4%) committed. 

Chunk freelists:
   Non-Class:  7.88 MB
       Class:  9.38 MB
        Both:  17.26 MB

MaxMetaspaceSize: unlimited
CompressedClassSpaceSize: 1.00 GB
Initial GC threshold: 21.00 MB
Current GC threshold: 59.31 MB
CDS: off
 - commit_granule_bytes: 65536.
 - commit_granule_words: 8192.
 - virtual_space_node_default_size: 8388608.
 - enlarge_chunks_in_place: 1.
 - use_allocation_guard: 0.


Internal statistics:

num_allocs_failed_limit: 9.
num_arena_births: 2140.
num_arena_deaths: 0.
num_vsnodes_births: 2.
num_vsnodes_deaths: 0.
num_space_committed: 734.
num_space_uncommitted: 0.
num_chunks_returned_to_freelist: 9.
num_chunks_taken_from_freelist: 3764.
num_chunk_merges: 9.
num_chunk_splits: 2439.
num_chunks_enlarged: 1514.
num_inconsistent_stats: 0.

CodeHeap 'non-profiled nmethods': size=119168Kb used=2118Kb max_used=2118Kb free=117050Kb
 bounds [0x00000207a1530000, 0x00000207a17a0000, 0x00000207a8990000]
CodeHeap 'profiled nmethods': size=119104Kb used=8114Kb max_used=8114Kb free=110989Kb
 bounds [0x0000020799990000, 0x000002079a180000, 0x00000207a0de0000]
CodeHeap 'non-nmethods': size=7488Kb used=1889Kb max_used=3607Kb free=5598Kb
 bounds [0x00000207a0de0000, 0x00000207a11a0000, 0x00000207a1530000]
 total_blobs=4756 nmethods=4071 adapters=588
 compilation: enabled
              stopped_count=0, restarted_count=0
 full_count=0

Compilation events (20 events):
Event: 13.526 Thread 0x00000207b5d67800 nmethod 4461 0x000002079a16a110 code [0x000002079a16a440, 0x000002079a16b228]
Event: 13.536 Thread 0x00000207af4573a0 4462       3       java.lang.ClassLoader::getClassLoadingLock (35 bytes)
Event: 13.537 Thread 0x00000207af4573a0 nmethod 4462 0x000002079a16b710 code [0x000002079a16b8e0, 0x000002079a16bbc8]
Event: 13.543 Thread 0x00000207af4573a0 4463   !   2       java.net.URLClassLoader::findClass (47 bytes)
Event: 13.543 Thread 0x00000207b5d67800 4464       2       java.net.URLClassLoader$1::run (5 bytes)
Event: 13.543 Thread 0x00000207b5d66a60 4465   !   2       java.net.URLClassLoader$1::run (81 bytes)
Event: 13.544 Thread 0x00000207b5d67800 nmethod 4464 0x000002079a16bd10 code [0x000002079a16bec0, 0x000002079a16bfe8]
Event: 13.544 Thread 0x00000207af4573a0 nmethod 4463 0x000002079a16c090 code [0x000002079a16c260, 0x000002079a16c5f8]
Event: 13.546 Thread 0x00000207b5d66a60 nmethod 4465 0x000002079a16c810 code [0x000002079a16cac0, 0x000002079a16d318]
Event: 13.547 Thread 0x00000207af4573a0 4466   !   3       java.net.URLClassLoader::defineClass (224 bytes)
Event: 13.547 Thread 0x00000207b5d66a60 4467       3       jdk.internal.loader.Resource::getByteBuffer (24 bytes)
Event: 13.548 Thread 0x00000207b5d66a60 nmethod 4467 0x000002079a16d890 code [0x000002079a16da80, 0x000002079a16e140]
Event: 13.549 Thread 0x00000207b5d66390 nmethod 4408 0x00000207a173aa10 code [0x00000207a173aea0, 0x00000207a173dde0]
Event: 13.549 Thread 0x00000207b5d66390 4440       4       java.util.HashMap$HashMapSpliterator::getFence (53 bytes)
Event: 13.550 Thread 0x00000207af4573a0 nmethod 4466 0x000002079a16e290 code [0x000002079a16e6c0, 0x000002079a170238]
Event: 13.550 Thread 0x00000207b5d66390 nmethod 4440 0x00000207a173ef10 code [0x00000207a173f0a0, 0x00000207a173f178]
Event: 13.550 Thread 0x00000207b5d66390 4441       4       java.util.HashMap$KeySpliterator::characteristics (30 bytes)
Event: 13.551 Thread 0x00000207b5d66390 nmethod 4441 0x00000207a173f290 code [0x00000207a173f420, 0x00000207a173f4d0]
Event: 13.551 Thread 0x00000207b5d66390 4442       4       java.util.stream.StreamOpFlag::fromCharacteristics (37 bytes)
Event: 13.552 Thread 0x00000207b5d66390 nmethod 4442 0x00000207a173f590 code [0x00000207a173f720, 0x00000207a173f7e0]

GC Heap History (14 events):
Event: 0.779 GC heap before
{Heap before GC invocations=0 (full 0):
 garbage-first heap   total 258048K, used 26624K [0x0000000080000000, 0x0000000100000000)
  region size 1024K, 23 young (23552K), 0 survivors (0K)
 Metaspace       used 8138K, committed 8320K, reserved 1114112K
  class space    used 737K, committed 832K, reserved 1048576K
}
Event: 0.788 GC heap after
{Heap after GC invocations=1 (full 0):
 garbage-first heap   total 258048K, used 10274K [0x0000000080000000, 0x0000000100000000)
  region size 1024K, 3 young (3072K), 3 survivors (3072K)
 Metaspace       used 8138K, committed 8320K, reserved 1114112K
  class space    used 737K, committed 832K, reserved 1048576K
}
Event: 1.537 GC heap before
{Heap before GC invocations=1 (full 0):
 garbage-first heap   total 258048K, used 39970K [0x0000000080000000, 0x0000000100000000)
  region size 1024K, 32 young (32768K), 3 survivors (3072K)
 Metaspace       used 12126K, committed 12352K, reserved 1114112K
  class space    used 1279K, committed 1408K, reserved 1048576K
}
Event: 1.544 GC heap after
{Heap after GC invocations=2 (full 0):
 garbage-first heap   total 258048K, used 11852K [0x0000000080000000, 0x0000000100000000)
  region size 1024K, 2 young (2048K), 2 survivors (2048K)
 Metaspace       used 12126K, committed 12352K, reserved 1114112K
  class space    used 1279K, committed 1408K, reserved 1048576K
}
Event: 3.153 GC heap before
{Heap before GC invocations=2 (full 0):
 garbage-first heap   total 258048K, used 79436K [0x0000000080000000, 0x0000000100000000)
  region size 1024K, 68 young (69632K), 2 survivors (2048K)
 Metaspace       used 21213K, committed 21504K, reserved 1114112K
  class space    used 2459K, committed 2624K, reserved 1048576K
}
Event: 3.163 GC heap after
{Heap after GC invocations=3 (full 0):
 garbage-first heap   total 258048K, used 20783K [0x0000000080000000, 0x0000000100000000)
  region size 1024K, 10 young (10240K), 10 survivors (10240K)
 Metaspace       used 21213K, committed 21504K, reserved 1114112K
  class space    used 2459K, committed 2624K, reserved 1048576K
}
Event: 5.108 GC heap before
{Heap before GC invocations=4 (full 0):
 garbage-first heap   total 81920K, used 79151K [0x0000000080000000, 0x0000000100000000)
  region size 1024K, 68 young (69632K), 10 survivors (10240K)
 Metaspace       used 30596K, committed 31168K, reserved 1114112K
  class space    used 3970K, committed 4224K, reserved 1048576K
}
Event: 5.120 GC heap after
{Heap after GC invocations=5 (full 0):
 garbage-first heap   total 95232K, used 24391K [0x0000000080000000, 0x0000000100000000)
  region size 1024K, 13 young (13312K), 13 survivors (13312K)
 Metaspace       used 30596K, committed 31168K, reserved 1114112K
  class space    used 3970K, committed 4224K, reserved 1048576K
}
Event: 5.860 GC heap before
{Heap before GC invocations=5 (full 0):
 garbage-first heap   total 95232K, used 58183K [0x0000000080000000, 0x0000000100000000)
  region size 1024K, 47 young (48128K), 13 survivors (13312K)
 Metaspace       used 35208K, committed 35968K, reserved 1114112K
  class space    used 4740K, committed 5120K, reserved 1048576K
}
Event: 5.873 GC heap after
{Heap after GC invocations=6 (full 0):
 garbage-first heap   total 95232K, used 26770K [0x0000000080000000, 0x0000000100000000)
  region size 1024K, 7 young (7168K), 7 survivors (7168K)
 Metaspace       used 35208K, committed 35968K, reserved 1114112K
  class space    used 4740K, committed 5120K, reserved 1048576K
}
Event: 5.926 GC heap before
{Heap before GC invocations=6 (full 0):
 garbage-first heap   total 95232K, used 28818K [0x0000000080000000, 0x0000000100000000)
  region size 1024K, 10 young (10240K), 7 survivors (7168K)
 Metaspace       used 35499K, committed 36288K, reserved 1114112K
  class space    used 4792K, committed 5184K, reserved 1048576K
}
Event: 5.933 GC heap after
{Heap after GC invocations=7 (full 0):
 garbage-first heap   total 95232K, used 26637K [0x0000000080000000, 0x0000000100000000)
  region size 1024K, 3 young (3072K), 3 survivors (3072K)
 Metaspace       used 35499K, committed 36288K, reserved 1114112K
  class space    used 4792K, committed 5184K, reserved 1048576K
}
Event: 8.507 GC heap before
{Heap before GC invocations=8 (full 0):
 garbage-first heap   total 95232K, used 77837K [0x0000000080000000, 0x0000000100000000)
  region size 1024K, 54 young (55296K), 3 survivors (3072K)
 Metaspace       used 45057K, committed 46208K, reserved 1114112K
  class space    used 6054K, committed 6592K, reserved 1048576K
}
Event: 8.514 GC heap after
{Heap after GC invocations=9 (full 0):
 garbage-first heap   total 95232K, used 30386K [0x0000000080000000, 0x0000000100000000)
  region size 1024K, 7 young (7168K), 7 survivors (7168K)
 Metaspace       used 45057K, committed 46208K, reserved 1114112K
  class space    used 6054K, committed 6592K, reserved 1048576K
}

Dll operation events (3 events):
Event: 0.013 Loaded shared library C:\Program Files\Android\Android Studio\jbr\bin\java.dll
Event: 0.023 Loaded shared library C:\Program Files\Android\Android Studio\jbr\bin\zip.dll
Event: 0.767 Loaded shared library C:\Program Files\Android\Android Studio\jbr\bin\verify.dll

Deoptimization events (20 events):
Event: 8.475 Thread 0x00000207b611b1d0 Uncommon trap: trap_request=0xffffffc6 fr.pc=0x00000207a16e63a0 relative=0x0000000000003600
Event: 8.475 Thread 0x00000207b611b1d0 Uncommon trap: reason=bimorphic_or_optimized_type_check action=maybe_recompile pc=0x00000207a16e63a0 method=java.net.URL.<init>(Ljava/net/URL;Ljava/lang/String;Ljava/net/URLStreamHandler;)V @ 504 c2
Event: 8.475 Thread 0x00000207b611b1d0 DEOPT PACKING pc=0x00000207a16e63a0 sp=0x0000006f584f8100
Event: 8.475 Thread 0x00000207b611b1d0 DEOPT UNPACKING pc=0x00000207a0e346a2 sp=0x0000006f584f8080 mode 2
Event: 8.514 Thread 0x00000207af32d200 Uncommon trap: trap_request=0xffffff45 fr.pc=0x00000207a161979c relative=0x000000000000017c
Event: 8.514 Thread 0x00000207af32d200 Uncommon trap: reason=unstable_if action=reinterpret pc=0x00000207a161979c method=java.util.concurrent.locks.ReentrantLock$NonfairSync.initialTryLock()Z @ 25 c2
Event: 8.514 Thread 0x00000207af32d200 DEOPT PACKING pc=0x00000207a161979c sp=0x0000006f56bfef80
Event: 8.514 Thread 0x00000207af32d200 DEOPT UNPACKING pc=0x00000207a0e346a2 sp=0x0000006f56bfef20 mode 2
Event: 9.600 Thread 0x00000207b611b1d0 Uncommon trap: trap_request=0xffffff45 fr.pc=0x00000207a1639b98 relative=0x00000000000000f8
Event: 9.600 Thread 0x00000207b611b1d0 Uncommon trap: reason=unstable_if action=reinterpret pc=0x00000207a1639b98 method=java.lang.ClassLoader.getClassLoadingLock(Ljava/lang/String;)Ljava/lang/Object; @ 6 c2
Event: 9.600 Thread 0x00000207b611b1d0 DEOPT PACKING pc=0x00000207a1639b98 sp=0x0000006f584f8a10
Event: 9.600 Thread 0x00000207b611b1d0 DEOPT UNPACKING pc=0x00000207a0e346a2 sp=0x0000006f584f89a0 mode 2
Event: 9.606 Thread 0x00000207b611b1d0 Uncommon trap: trap_request=0xffffff6e fr.pc=0x00000207a1725a5c relative=0x000000000000081c
Event: 9.606 Thread 0x00000207b611b1d0 Uncommon trap: reason=loop_limit_check action=maybe_recompile pc=0x00000207a1725a5c method=java.util.regex.Pattern$Start.match(Ljava/util/regex/Matcher;ILjava/lang/CharSequence;)Z @ 34 c2
Event: 9.606 Thread 0x00000207b611b1d0 DEOPT PACKING pc=0x00000207a1725a5c sp=0x0000006f584f8790
Event: 9.606 Thread 0x00000207b611b1d0 DEOPT UNPACKING pc=0x00000207a0e346a2 sp=0x0000006f584f86e0 mode 2
Event: 13.452 Thread 0x00000207b611b1d0 DEOPT PACKING pc=0x000002079a123680 sp=0x0000006f584f84e0
Event: 13.453 Thread 0x00000207b611b1d0 DEOPT UNPACKING pc=0x00000207a0e34e42 sp=0x0000006f584f79d0 mode 0
Event: 13.457 Thread 0x00000207b611b1d0 DEOPT PACKING pc=0x000002079a123680 sp=0x0000006f584f84e0
Event: 13.457 Thread 0x00000207b611b1d0 DEOPT UNPACKING pc=0x00000207a0e34e42 sp=0x0000006f584f79d0 mode 0

Classes loaded (20 events):
Event: 9.613 Loading class jdk/internal/jrtfs/JrtFileAttributes
Event: 9.614 Loading class jdk/internal/jrtfs/JrtFileAttributes done
Event: 9.614 Loading class jdk/internal/jrtfs/JrtDirectoryStream
Event: 9.614 Loading class jdk/internal/jrtfs/JrtDirectoryStream done
Event: 9.615 Loading class jdk/internal/jrtfs/JrtDirectoryStream$1
Event: 9.615 Loading class jdk/internal/jrtfs/JrtDirectoryStream$1 done
Event: 9.615 Loading class java/util/function/BooleanSupplier
Event: 9.616 Loading class java/util/function/BooleanSupplier done
Event: 9.616 Loading class jdk/internal/jimage/ImageReader$Resource
Event: 9.616 Loading class jdk/internal/jimage/ImageReader$Resource done
Event: 12.875 Loading class java/util/concurrent/LinkedBlockingDeque$Itr
Event: 13.426 Loading class java/util/concurrent/LinkedBlockingDeque$AbstractItr
Event: 13.426 Loading class java/util/concurrent/LinkedBlockingDeque$AbstractItr done
Event: 13.426 Loading class java/util/concurrent/LinkedBlockingDeque$Itr done
Event: 13.505 Loading class java/util/WeakHashMap$KeyIterator
Event: 13.506 Loading class java/util/WeakHashMap$HashIterator
Event: 13.506 Loading class java/util/WeakHashMap$HashIterator done
Event: 13.506 Loading class java/util/WeakHashMap$KeyIterator done
Event: 13.530 Loading class java/lang/ThreadLocal$SuppliedThreadLocal
Event: 13.530 Loading class java/lang/ThreadLocal$SuppliedThreadLocal done

Classes unloaded (0 events):
No events

Classes redefined (0 events):
No events

Internal exceptions (20 events):
Event: 6.925 Thread 0x00000207b611b1d0 Exception <a 'java/lang/NoSuchMethodError'{0x0000000083cc0650}: 'java.lang.Object java.lang.invoke.DirectMethodHandle$Holder.newInvokeSpecial(java.lang.Object, java.lang.Object, java.lang.Object, java.lang.Object, java.lang.Object, java.lang.Object, java.lang.Object, java.lang.Object, java.lang.Object)'> (0x0000000083cc0650) 
thrown [s\src\hotspot\share\interpreter\linkResolver.cpp, line 784]
Event: 7.094 Thread 0x00000207b611b1d0 Implicit null exception at 0x00000207a163f634 to 0x00000207a163fb68
Event: 7.094 Thread 0x00000207b611b1d0 Implicit null exception at 0x00000207a16fed98 to 0x00000207a16ff114
Event: 7.094 Thread 0x00000207b611b1d0 Implicit null exception at 0x00000207a16f4e2c to 0x00000207a16f56e8
Event: 7.094 Thread 0x00000207b611b1d0 Exception <a 'java/lang/NoSuchMethodError'{0x0000000083622dc8}: 'java.lang.reflect.Method[] java.lang.Class.getDeclaredMethods(java.lang.Class)'> (0x0000000083622dc8) 
thrown [s\src\hotspot\share\interpreter\linkResolver.cpp, line 784]
Event: 7.128 Thread 0x00000207b611b1d0 Exception <a 'java/lang/NoSuchMethodError'{0x0000000083561490}: 'void java.lang.invoke.DirectMethodHandle$Holder.invokeStaticInit(java.lang.Object, java.lang.Object, java.lang.Object)'> (0x0000000083561490) 
thrown [s\src\hotspot\share\interpreter\linkResolver.cpp, line 784]
Event: 7.131 Thread 0x00000207b611b1d0 Exception <a 'java/lang/NoSuchMethodError'{0x0000000083585688}: 'void java.lang.invoke.DirectMethodHandle$Holder.invokeStaticInit(java.lang.Object, java.lang.Object, java.lang.Object, java.lang.Object, java.lang.Object)'> (0x0000000083585688) 
thrown [s\src\hotspot\share\interpreter\linkResolver.cpp, line 784]
Event: 7.139 Thread 0x00000207b611b1d0 Exception <a 'java/lang/NoSuchMethodError'{0x00000000835dcd50}: 'int java.lang.invoke.DirectMethodHandle$Holder.invokeStaticInit(java.lang.Object, java.lang.Object, java.lang.Object, java.lang.Object)'> (0x00000000835dcd50) 
thrown [s\src\hotspot\share\interpreter\linkResolver.cpp, line 784]
Event: 8.393 Thread 0x00000207b611b1d0 Exception <a 'java/lang/ClassNotFoundException'{0x0000000082cd5358}: groovy/lang/ExpandoMetaClassBeanInfo> (0x0000000082cd5358) 
thrown [s\src\hotspot\share\classfile\systemDictionary.cpp, line 312]
Event: 8.393 Thread 0x00000207b611b1d0 Exception <a 'java/lang/ClassNotFoundException'{0x0000000082cdd420}: groovy/lang/MetaClassImplBeanInfo> (0x0000000082cdd420) 
thrown [s\src\hotspot\share\classfile\systemDictionary.cpp, line 312]
Event: 8.393 Thread 0x00000207b611b1d0 Exception <a 'java/lang/ClassNotFoundException'{0x0000000082ce1ca8}: java/lang/ObjectBeanInfo> (0x0000000082ce1ca8) 
thrown [s\src\hotspot\share\classfile\systemDictionary.cpp, line 312]
Event: 8.394 Thread 0x00000207b611b1d0 Exception <a 'java/lang/ClassNotFoundException'{0x0000000082ce7570}: java/lang/ObjectCustomizer> (0x0000000082ce7570) 
thrown [s\src\hotspot\share\classfile\systemDictionary.cpp, line 312]
Event: 8.397 Thread 0x00000207b611b1d0 Exception <a 'java/lang/IncompatibleClassChangeError'{0x0000000082cf5840}: Found class java.lang.Object, but interface was expected> (0x0000000082cf5840) 
thrown [s\src\hotspot\share\interpreter\linkResolver.cpp, line 851]
Event: 8.401 Thread 0x00000207b611b1d0 Exception <a 'java/lang/ClassNotFoundException'{0x0000000082b0fab8}: groovy/lang/MetaClassImplCustomizer> (0x0000000082b0fab8) 
thrown [s\src\hotspot\share\classfile\systemDictionary.cpp, line 312]
Event: 8.404 Thread 0x00000207b611b1d0 Exception <a 'java/lang/ClassNotFoundException'{0x0000000082b377b8}: groovy/lang/ExpandoMetaClassCustomizer> (0x0000000082b377b8) 
thrown [s\src\hotspot\share\classfile\systemDictionary.cpp, line 312]
Event: 13.513 Thread 0x00000207b611b1d0 Exception <a 'java/lang/ClassNotFoundException'{0x00000000847da628}: org/gradle/internal/extensibility/DefaultExtraPropertiesExtensionBeanInfo> (0x00000000847da628) 
thrown [s\src\hotspot\share\classfile\systemDictionary.cpp, line 312]
Event: 13.514 Thread 0x00000207b611b1d0 Exception <a 'java/lang/ClassNotFoundException'{0x00000000847e27f0}: groovy/lang/GroovyObjectSupportBeanInfo> (0x00000000847e27f0) 
thrown [s\src\hotspot\share\classfile\systemDictionary.cpp, line 312]
Event: 13.514 Thread 0x00000207b611b1d0 Exception <a 'java/lang/ClassNotFoundException'{0x00000000847ea9c0}: groovy/lang/GroovyObjectSupportCustomizer> (0x00000000847ea9c0) 
thrown [s\src\hotspot\share\classfile\systemDictionary.cpp, line 312]
Event: 13.518 Thread 0x00000207b611b1d0 Exception <a 'java/lang/ClassNotFoundException'{0x0000000084605118}: org/gradle/internal/extensibility/DefaultExtraPropertiesExtensionCustomizer> (0x0000000084605118) 
thrown [s\src\hotspot\share\classfile\systemDictionary.cpp, line 312]
Event: 13.522 Thread 0x00000207b611b1d0 Exception <a 'java/lang/IncompatibleClassChangeError'{0x0000000084620038}: Found class java.lang.Object, but interface was expected> (0x0000000084620038) 
thrown [s\src\hotspot\share\interpreter\linkResolver.cpp, line 851]

ZGC Phase Switch (0 events):
No events

VM Operations (20 events):
Event: 8.476 Executing VM operation: HandshakeAllThreads (Deoptimize) done
Event: 8.477 Executing VM operation: HandshakeAllThreads (Deoptimize)
Event: 8.477 Executing VM operation: HandshakeAllThreads (Deoptimize) done
Event: 8.484 Executing VM operation: HandshakeAllThreads (Deoptimize)
Event: 8.484 Executing VM operation: HandshakeAllThreads (Deoptimize) done
Event: 8.490 Executing VM operation: HandshakeAllThreads (Deoptimize)
Event: 8.490 Executing VM operation: HandshakeAllThreads (Deoptimize) done
Event: 8.502 Executing VM operation: HandshakeAllThreads (Deoptimize)
Event: 8.502 Executing VM operation: HandshakeAllThreads (Deoptimize) done
Event: 8.506 Executing VM operation: G1CollectForAllocation (G1 Evacuation Pause)
Event: 8.514 Executing VM operation: G1CollectForAllocation (G1 Evacuation Pause) done
Event: 9.522 Executing VM operation: Cleanup
Event: 9.584 Executing VM operation: Cleanup done
Event: 9.613 Executing VM operation: HandshakeAllThreads (Deoptimize)
Event: 9.613 Executing VM operation: HandshakeAllThreads (Deoptimize) done
Event: 10.626 Executing VM operation: Cleanup
Event: 11.669 Executing VM operation: Cleanup done
Event: 12.670 Executing VM operation: Cleanup
Event: 13.426 Executing VM operation: Cleanup done
Event: 14.429 Executing VM operation: Cleanup

Events (20 events):
Event: 5.981 Thread 0x00000207b6d87d00 Thread added: 0x00000207b6d87d00
Event: 6.439 Thread 0x00000207b5d67ed0 Thread exited: 0x00000207b5d67ed0
Event: 6.496 Thread 0x00000207b6d855a0 Thread added: 0x00000207b6d855a0
Event: 6.561 Thread 0x00000207b5d68c70 Thread added: 0x00000207b5d68c70
Event: 6.748 Thread 0x00000207b6d84880 Thread added: 0x00000207b6d84880
Event: 7.014 Thread 0x00000207b5d68c70 Thread exited: 0x00000207b5d68c70
Event: 7.041 Thread 0x00000207b5d66a60 Thread added: 0x00000207b5d66a60
Event: 7.136 Thread 0x00000207b5d67800 Thread added: 0x00000207b5d67800
Event: 8.265 Thread 0x00000207b475a3c0 Thread exited: 0x00000207b475a3c0
Event: 8.265 Thread 0x00000207b5d67800 Thread exited: 0x00000207b5d67800
Event: 8.265 Thread 0x00000207b5d66a60 Thread exited: 0x00000207b5d66a60
Event: 8.529 Thread 0x00000207b5d68c70 Thread added: 0x00000207b5d68c70
Event: 8.567 Thread 0x00000207b5d66390 Thread added: 0x00000207b5d66390
Event: 13.425 Thread 0x00000207b5d66390 Thread exited: 0x00000207b5d66390
Event: 13.425 Thread 0x00000207b4bf9690 Thread exited: 0x00000207b4bf9690
Event: 13.425 Thread 0x00000207b5d67ed0 Thread added: 0x00000207b5d67ed0
Event: 13.426 Thread 0x00000207b5d66390 Thread added: 0x00000207b5d66390
Event: 13.426 Thread 0x00000207b5d66a60 Thread added: 0x00000207b5d66a60
Event: 13.426 Thread 0x00000207b5d67800 Thread added: 0x00000207b5d67800
Event: 14.242 Thread 0x00000207b5d67800 Thread exited: 0x00000207b5d67800


Dynamic libraries:
0x00007ff636cf0000 - 0x00007ff636cfa000 	C:\Program Files\Android\Android Studio\jbr\bin\java.exe
0x00007ffccdd40000 - 0x00007ffccdfa3000 	C:\WINDOWS\SYSTEM32\ntdll.dll
0x00007ffcccc30000 - 0x00007ffccccf7000 	C:\WINDOWS\System32\KERNEL32.DLL
0x00007ffccb4a0000 - 0x00007ffccb867000 	C:\WINDOWS\System32\KERNELBASE.dll
0x00007ffccb350000 - 0x00007ffccb49c000 	C:\WINDOWS\System32\ucrtbase.dll
0x00007ffcbc380000 - 0x00007ffcbc398000 	C:\Program Files\Android\Android Studio\jbr\bin\jli.dll
0x00007ffcbcc30000 - 0x00007ffcbcc4b000 	C:\Program Files\Android\Android Studio\jbr\bin\VCRUNTIME140.dll
0x00007ffccd710000 - 0x00007ffccd8d9000 	C:\WINDOWS\System32\USER32.dll
0x00007ffcb8440000 - 0x00007ffcb86d0000 	C:\WINDOWS\WinSxS\amd64_microsoft.windows.common-controls_6595b64144ccf1df_6.0.26100.3037_none_3e09262ce333c378\COMCTL32.dll
0x00007ffccb260000 - 0x00007ffccb287000 	C:\WINDOWS\System32\win32u.dll
0x00007ffccc260000 - 0x00007ffccc28a000 	C:\WINDOWS\System32\GDI32.dll
0x00007ffccce60000 - 0x00007ffcccf09000 	C:\WINDOWS\System32\msvcrt.dll
0x00007ffccb9a0000 - 0x00007ffccbacb000 	C:\WINDOWS\System32\gdi32full.dll
0x00007ffccbad0000 - 0x00007ffccbb73000 	C:\WINDOWS\System32\msvcp_win.dll
0x00007ffccdcb0000 - 0x00007ffccdcdf000 	C:\WINDOWS\System32\IMM32.DLL
0x00007ffcc3eb0000 - 0x00007ffcc3ebc000 	C:\Program Files\Android\Android Studio\jbr\bin\vcruntime140_1.dll
0x00007ffc91df0000 - 0x00007ffc91e7d000 	C:\Program Files\Android\Android Studio\jbr\bin\msvcp140.dll
0x00007ffc599d0000 - 0x00007ffc5a64d000 	C:\Program Files\Android\Android Studio\jbr\bin\server\jvm.dll
0x00007ffcccb70000 - 0x00007ffcccc24000 	C:\WINDOWS\System32\ADVAPI32.dll
0x00007ffcccdb0000 - 0x00007ffccce56000 	C:\WINDOWS\System32\sechost.dll
0x00007ffccd8e0000 - 0x00007ffccd9f6000 	C:\WINDOWS\System32\RPCRT4.dll
0x00007ffccca50000 - 0x00007ffcccac4000 	C:\WINDOWS\System32\WS2_32.dll
0x00007ffcbe970000 - 0x00007ffcbe9a6000 	C:\WINDOWS\SYSTEM32\WINMM.dll
0x00007ffcc9d80000 - 0x00007ffcc9dce000 	C:\WINDOWS\SYSTEM32\POWRPROF.dll
0x00007ffcc3c30000 - 0x00007ffcc3c3b000 	C:\WINDOWS\SYSTEM32\VERSION.dll
0x00007ffcc9d60000 - 0x00007ffcc9d74000 	C:\WINDOWS\SYSTEM32\UMPDC.dll
0x00007ffcca020000 - 0x00007ffcca03a000 	C:\WINDOWS\SYSTEM32\kernel.appcore.dll
0x00007ffcc2360000 - 0x00007ffcc236a000 	C:\Program Files\Android\Android Studio\jbr\bin\jimage.dll
0x00007ffcc8820000 - 0x00007ffcc8a61000 	C:\WINDOWS\SYSTEM32\DBGHELP.DLL
0x00007ffccd0c0000 - 0x00007ffccd43e000 	C:\WINDOWS\System32\combase.dll
0x00007ffccda10000 - 0x00007ffccdae6000 	C:\WINDOWS\System32\OLEAUT32.dll
0x00007ffcb5510000 - 0x00007ffcb5549000 	C:\WINDOWS\SYSTEM32\dbgcore.DLL
0x00007ffccb870000 - 0x00007ffccb909000 	C:\WINDOWS\System32\bcryptPrimitives.dll
0x00007ffcbcd40000 - 0x00007ffcbcd4e000 	C:\Program Files\Android\Android Studio\jbr\bin\instrument.dll
0x00007ffcbcba0000 - 0x00007ffcbcbbf000 	C:\Program Files\Android\Android Studio\jbr\bin\java.dll
0x00007ffcbcb40000 - 0x00007ffcbcb58000 	C:\Program Files\Android\Android Studio\jbr\bin\zip.dll
0x00007ffccc290000 - 0x00007ffccc994000 	C:\WINDOWS\System32\SHELL32.dll
0x00007ffcc8de0000 - 0x00007ffcc9617000 	C:\WINDOWS\SYSTEM32\windows.storage.dll
0x00007ffccd550000 - 0x00007ffccd639000 	C:\WINDOWS\System32\SHCORE.dll
0x00007ffccdaf0000 - 0x00007ffccdb4d000 	C:\WINDOWS\System32\shlwapi.dll
0x00007ffccaff0000 - 0x00007ffccb01e000 	C:\WINDOWS\SYSTEM32\profapi.dll
0x00007ffcbceb0000 - 0x00007ffcbcec0000 	C:\Program Files\Android\Android Studio\jbr\bin\net.dll
0x00007ffcc4e80000 - 0x00007ffcc4f9e000 	C:\WINDOWS\SYSTEM32\WINHTTP.dll
0x00007ffcca530000 - 0x00007ffcca59a000 	C:\WINDOWS\system32\mswsock.dll
0x00007ffcbc970000 - 0x00007ffcbc986000 	C:\Program Files\Android\Android Studio\jbr\bin\nio.dll
0x00007ffcbc950000 - 0x00007ffcbc960000 	C:\Program Files\Android\Android Studio\jbr\bin\verify.dll
0x00007ffc9c3a0000 - 0x00007ffc9c3c7000 	C:\Users\manis\.gradle\native\c067742578af261105cb4f569cf0c3c89f3d7b1fecec35dd04571415982c5e48\windows-amd64\native-platform.dll
0x00007ffc6ceb0000 - 0x00007ffc6cff4000 	C:\Users\manis\.gradle\native\100fb08df4bc3b14c8652ba06237920a3bd2aa13389f12d3474272988ae205f9\windows-amd64\native-platform-file-events.dll
0x00007ffcbcb90000 - 0x00007ffcbcb99000 	C:\Program Files\Android\Android Studio\jbr\bin\management.dll
0x00007ffcbca70000 - 0x00007ffcbca7b000 	C:\Program Files\Android\Android Studio\jbr\bin\management_ext.dll
0x00007ffcccad0000 - 0x00007ffcccad8000 	C:\WINDOWS\System32\PSAPI.DLL
0x00007ffcca7e0000 - 0x00007ffcca7fc000 	C:\WINDOWS\SYSTEM32\CRYPTSP.dll
0x00007ffcc9f80000 - 0x00007ffcc9fb8000 	C:\WINDOWS\system32\rsaenh.dll
0x00007ffcca5d0000 - 0x00007ffcca5fb000 	C:\WINDOWS\SYSTEM32\USERENV.dll
0x00007ffccaa10000 - 0x00007ffccaa36000 	C:\WINDOWS\SYSTEM32\bcrypt.dll
0x00007ffcca7d0000 - 0x00007ffcca7dc000 	C:\WINDOWS\SYSTEM32\CRYPTBASE.dll
0x00007ffcc99a0000 - 0x00007ffcc99d2000 	C:\WINDOWS\SYSTEM32\IPHLPAPI.DLL
0x00007ffcccf10000 - 0x00007ffcccf1a000 	C:\WINDOWS\System32\NSI.dll
0x00007ffcbcc90000 - 0x00007ffcbcc99000 	C:\Program Files\Android\Android Studio\jbr\bin\extnet.dll
0x00007ffcbb070000 - 0x00007ffcbb078000 	C:\WINDOWS\system32\wshunix.dll

dbghelp: loaded successfully - version: 4.0.5 - missing functions: none
symbol engine: initialized successfully - sym options: 0x614 - pdb path: .;C:\Program Files\Android\Android Studio\jbr\bin;C:\WINDOWS\SYSTEM32;C:\WINDOWS\WinSxS\amd64_microsoft.windows.common-controls_6595b64144ccf1df_6.0.26100.3037_none_3e09262ce333c378;C:\Program Files\Android\Android Studio\jbr\bin\server;C:\Users\manis\.gradle\native\c067742578af261105cb4f569cf0c3c89f3d7b1fecec35dd04571415982c5e48\windows-amd64;C:\Users\manis\.gradle\native\100fb08df4bc3b14c8652ba06237920a3bd2aa13389f12d3474272988ae205f9\windows-amd64

VM Arguments:
jvm_args: --add-opens=java.base/java.util=ALL-UNNAMED --add-opens=java.base/java.lang=ALL-UNNAMED --add-opens=java.base/java.lang.invoke=ALL-UNNAMED --add-opens=java.prefs/java.util.prefs=ALL-UNNAMED --add-exports=jdk.compiler/com.sun.tools.javac.api=ALL-UNNAMED --add-exports=jdk.compiler/com.sun.tools.javac.util=ALL-UNNAMED --add-opens=java.base/java.nio.charset=ALL-UNNAMED --add-opens=java.base/java.net=ALL-UNNAMED --add-opens=java.base/java.util.concurrent.atomic=ALL-UNNAMED -Xmx2048m -Dfile.encoding=UTF-8 -Duser.country=GB -Duser.language=en -Duser.variant -javaagent:C:\Users\manis\.gradle\wrapper\dists\gradle-8.9-bin\90cnw93cvbtalezasaz0blq0a\gradle-8.9\lib\agents\gradle-instrumentation-agent-8.9.jar 
java_command: org.gradle.launcher.daemon.bootstrap.GradleDaemon 8.9
java_class_path (initial): C:\Users\manis\.gradle\wrapper\dists\gradle-8.9-bin\90cnw93cvbtalezasaz0blq0a\gradle-8.9\lib\gradle-daemon-main-8.9.jar
Launcher Type: SUN_STANDARD

[Global flags]
     intx CICompilerCount                          = 12                                        {product} {ergonomic}
     uint ConcGCThreads                            = 3                                         {product} {ergonomic}
     uint G1ConcRefinementThreads                  = 13                                        {product} {ergonomic}
   size_t G1HeapRegionSize                         = 1048576                                   {product} {ergonomic}
    uintx GCDrainStackTargetSize                   = 64                                        {product} {ergonomic}
   size_t InitialHeapSize                          = 264241152                                 {product} {ergonomic}
   size_t MarkStackSize                            = 4194304                                   {product} {ergonomic}
   size_t MaxHeapSize                              = 2147483648                                {product} {command line}
   size_t MaxNewSize                               = 1287651328                                {product} {ergonomic}
   size_t MinHeapDeltaBytes                        = 1048576                                   {product} {ergonomic}
   size_t MinHeapSize                              = 8388608                                   {product} {ergonomic}
    uintx NonNMethodCodeHeapSize                   = 7602480                                {pd product} {ergonomic}
    uintx NonProfiledCodeHeapSize                  = 122027880                              {pd product} {ergonomic}
    uintx ProfiledCodeHeapSize                     = 122027880                              {pd product} {ergonomic}
    uintx ReservedCodeCacheSize                    = 251658240                              {pd product} {ergonomic}
     bool SegmentedCodeCache                       = true                                      {product} {ergonomic}
   size_t SoftMaxHeapSize                          = 2147483648                             {manageable} {ergonomic}
     bool UseCompressedOops                        = true                           {product lp64_product} {ergonomic}
     bool UseG1GC                                  = true                                      {product} {ergonomic}
     bool UseLargePagesIndividualAllocation        = false                                  {pd product} {ergonomic}

Logging:
Log output configuration:
 #0: stdout all=warning uptime,level,tags foldmultilines=false
 #1: stderr all=off uptime,level,tags foldmultilines=false

Environment Variables:
PATH=C:\Program Files\Common Files\Oracle\Java\javapath;C:\Windows\system32;C:\Windows;C:\Windows\System32\Wbem;C:\Windows\System32\WindowsPowerShell\v1.0\;C:\Windows\System32\OpenSSH\;C:\Program Files (x86)\NVIDIA Corporation\PhysX\Common;C:\Program Files\dotnet\;C:\Program Files\Git\cmd;C:\WINDOWS\system32;C:\WINDOWS;C:\WINDOWS\System32\Wbem;C:\WINDOWS\System32\WindowsPowerShell\v1.0\;C:\WINDOWS\System32\OpenSSH\;C:\Program Files\nodejs\;C:\Program Files\NVIDIA Corporation\NVIDIA app\NvDLISR;C:\Program Files\MySQL\MySQL Shell 8.0\bin\;C:\Users\manis\AppData\Local\Programs\Python\Python38\Scripts\;C:\Users\manis\AppData\Local\Programs\Python\Python38\;C:\Users\manis\AppData\Local\Microsoft\WindowsApps;;C:\Users\manis\AppData\Local\Programs\Microsoft VS Code\bin;C:\Users\manis\AppData\Roaming\npm
USERNAME=manis
OS=Windows_NT
PROCESSOR_IDENTIFIER=Intel64 Family 6 Model 154 Stepping 3, GenuineIntel
TMP=C:\Users\manis\AppData\Local\Temp
TEMP=C:\Users\manis\AppData\Local\Temp




Periodic native trim disabled

JNI global refs:
JNI global refs: 32, weak refs: 0

JNI global refs memory usage: 835, weak refs: 833

Process memory usage:
Resident Set Size: 261928K (1% of 16388972K total physical memory with 708932K free physical memory)

OOME stack traces (most recent first):
Classloader memory used:
Loader bootstrap                                                                       : 20845K
Loader org.gradle.internal.classloader.VisitableURLClassLoader                         : 20095K
Loader org.gradle.initialization.MixInLegacyTypesClassLoader                           : 4133K
Loader jdk.internal.loader.ClassLoaders$PlatformClassLoader                            : 515K
Loader jdk.internal.loader.ClassLoaders$AppClassLoader                                 : 230K

Classes loaded by more than one classloader:
Class org.gradle.internal.classloader.FilteringClassLoader                            : loaded 2 times (x 102B)
Class org.gradle.internal.classloader.ClassLoaderHierarchy                            : loaded 2 times (x 67B)
Class org.gradle.api.internal.classpath.ManifestUtil                                  : loaded 2 times (x 68B)
Class org.gradle.internal.classloader.DefaultClassLoaderFactory                       : loaded 2 times (x 79B)
Class org.gradle.internal.classloader.ClassLoaderVisitor                              : loaded 2 times (x 73B)
Class org.gradle.api.internal.classpath.EffectiveClassPath                            : loaded 2 times (x 87B)
Class org.gradle.api.internal.DefaultClassPathProvider                                : loaded 2 times (x 73B)
Class [Lorg.gradle.api.internal.ClassPathProvider;                                    : loaded 2 times (x 66B)
Class org.gradle.api.internal.ClassPathProvider                                       : loaded 2 times (x 67B)
Class org.gradle.internal.service.UnknownServiceException                             : loaded 2 times (x 80B)
Class org.gradle.internal.classpath.TransformedClassPath                              : loaded 2 times (x 93B)
Class org.gradle.internal.service.ServiceLocator                                      : loaded 2 times (x 67B)
Class org.gradle.internal.InternalTransformer                                         : loaded 2 times (x 67B)
Class org.gradle.internal.classloader.ClasspathUtil$1                                 : loaded 2 times (x 73B)
Class org.gradle.api.internal.classpath.DefaultModuleRegistry$DefaultModule           : loaded 2 times (x 83B)
Class org.gradle.api.internal.classpath.Module                                        : loaded 2 times (x 67B)
Class org.gradle.api.internal.classpath.UnknownModuleException                        : loaded 2 times (x 79B)
Class org.gradle.api.internal.DefaultClassPathRegistry                                : loaded 2 times (x 73B)
Class org.gradle.api.internal.ClassPathRegistry                                       : loaded 2 times (x 67B)
Class org.gradle.internal.classpath.DefaultClassPath$ImmutableUniqueList              : loaded 2 times (x 196B)
Class org.gradle.internal.classpath.ClassPath                                         : loaded 2 times (x 67B)
Class org.gradle.api.UncheckedIOException                                             : loaded 2 times (x 79B)
Class org.gradle.internal.installation.GradleInstallation$1                           : loaded 2 times (x 72B)
Class org.gradle.api.internal.classpath.ModuleRegistry                                : loaded 2 times (x 67B)
Class org.gradle.api.internal.classpath.DefaultModuleRegistry                         : loaded 2 times (x 80B)
Class org.gradle.internal.service.ServiceLookupException                              : loaded 2 times (x 79B)
Class org.gradle.internal.classloader.ClassLoaderFactory                              : loaded 2 times (x 67B)
Class org.gradle.internal.service.CachingServiceLocator                               : loaded 2 times (x 79B)
Class org.gradle.internal.classloader.ClasspathUtil                                   : loaded 2 times (x 68B)
Class org.gradle.api.specs.Spec                                                       : loaded 2 times (x 67B)
Class org.gradle.internal.classloader.VisitableURLClassLoader$InstrumentingVisitableURLClassLoader: loaded 2 times (x 120B)
Class org.gradle.internal.classloader.VisitableURLClassLoader$Spec                    : loaded 2 times (x 71B)
Class org.gradle.internal.classpath.DefaultClassPath                                  : loaded 2 times (x 87B)
Class org.gradle.internal.classloader.ClassLoaderSpec                                 : loaded 2 times (x 68B)
Class org.gradle.internal.classloader.VisitableURLClassLoader                         : loaded 2 times (x 114B)
Class org.gradle.internal.Cast                                                        : loaded 2 times (x 68B)
Class org.gradle.api.Action                                                           : loaded 2 times (x 67B)
Class org.gradle.internal.agents.InstrumentingClassLoader                             : loaded 2 times (x 67B)
Class org.gradle.internal.classpath.DefaultClassPath$ImmutableUniqueList$Builder      : loaded 2 times (x 72B)
Class org.gradle.api.GradleException                                                  : loaded 2 times (x 79B)
Class org.gradle.internal.IoActions                                                   : loaded 2 times (x 68B)
Class org.gradle.internal.classloader.SystemClassLoaderSpec                           : loaded 2 times (x 68B)
Class org.gradle.internal.installation.CurrentGradleInstallationLocator               : loaded 2 times (x 68B)
Class org.gradle.internal.service.DefaultServiceLocator                               : loaded 2 times (x 80B)
Class org.gradle.internal.installation.CurrentGradleInstallation                      : loaded 2 times (x 70B)
Class org.gradle.util.internal.GUtil                                                  : loaded 2 times (x 68B)
Class org.gradle.internal.installation.GradleInstallation                             : loaded 2 times (x 72B)

---------------  S Y S T E M  ---------------

OS:
 Windows 11 , 64 bit Build 26100 (10.0.26100.3037)
OS uptime: 0 days 10:36 hours
Hyper-V role detected

CPU: total 16 (initial active 16) (8 cores per cpu, 2 threads per core) family 6 model 154 stepping 3 microcode 0x434, cx8, cmov, fxsr, ht, mmx, 3dnowpref, sse, sse2, sse3, ssse3, sse4.1, sse4.2, popcnt, lzcnt, tsc, tscinvbit, avx, avx2, aes, erms, clmul, bmi1, bmi2, adx, sha, fma, vzeroupper, clflush, clflushopt, clwb, hv, serialize, rdtscp, rdpid, fsrm, f16c, cet_ibt, cet_ss
Processor Information for processor 0
  Max Mhz: 2500, Current Mhz: 1532, Mhz Limit: 2500
Processor Information for processor 1
  Max Mhz: 2500, Current Mhz: 1532, Mhz Limit: 2500
Processor Information for processor 2
  Max Mhz: 2500, Current Mhz: 2500, Mhz Limit: 2500
Processor Information for processor 3
  Max Mhz: 2500, Current Mhz: 2500, Mhz Limit: 2500
Processor Information for processor 4
  Max Mhz: 2500, Current Mhz: 1532, Mhz Limit: 2500
Processor Information for processor 5
  Max Mhz: 2500, Current Mhz: 1532, Mhz Limit: 2500
Processor Information for processor 6
  Max Mhz: 2500, Current Mhz: 1532, Mhz Limit: 2500
Processor Information for processor 7
  Max Mhz: 2500, Current Mhz: 2500, Mhz Limit: 2500
Processor Information for processor 8
  Max Mhz: 2500, Current Mhz: 2500, Mhz Limit: 2500
Processor Information for processor 9
  Max Mhz: 2500, Current Mhz: 2500, Mhz Limit: 2500
Processor Information for processor 10
  Max Mhz: 2500, Current Mhz: 2500, Mhz Limit: 2500
Processor Information for processor 11
  Max Mhz: 2500, Current Mhz: 2500, Mhz Limit: 2500
Processor Information for processor 12
  Max Mhz: 2500, Current Mhz: 2500, Mhz Limit: 2500
Processor Information for processor 13
  Max Mhz: 2500, Current Mhz: 1527, Mhz Limit: 2500
Processor Information for processor 14
  Max Mhz: 2500, Current Mhz: 2500, Mhz Limit: 2500
Processor Information for processor 15
  Max Mhz: 2500, Current Mhz: 2500, Mhz Limit: 2500

Memory: 4k page, system-wide physical 16004M (692M free)
TotalPageFile size 24196M (AvailPageFile size 0M)
current process WorkingSet (physical memory assigned to process): 255M, peak: 255M
current process commit charge ("private bytes"): 302M, peak: 396M

vm_info: OpenJDK 64-Bit Server VM (21.0.3+-12282718-b509.11) for windows-amd64 JRE (21.0.3+-12282718-b509.11), built on 2024-08-27T17:34:15Z by "builder" with MS VC++ 16.10 / 16.11 (VS2019)

END.
